# JRE version: Java(TM) SE Runtime Environment (8.0_181-b13) (build 1.8.0_181-b13)
# Java VM: Java HotSpot(TM) 64-Bit Server VM (25.181-b13 mixed mode windows-amd64 compressed oops)
Heap:
 PSYoungGen      total 185856K, used 51029K [0x00000000d5580000, 0x00000000e3700000, 0x0000000100000000)
  eden space 173568K, 22% used [0x00000000d5580000,0x00000000d7b55a00,0x00000000dff00000)
  from space 12288K, 99% used [0x00000000e2b00000,0x00000000e36ffc80,0x00000000e3700000)
  to   space 14336K, 0% used [0x00000000e1b00000,0x00000000e1b00000,0x00000000e2900000)
 ParOldGen       total 84480K, used 16524K [0x0000000080000000, 0x0000000085280000, 0x00000000d5580000)
  object space 84480K, 19% used [0x0000000080000000,0x0000000081023090,0x0000000085280000)
 Metaspace       used 45711K, capacity 46906K, committed 47104K, reserved 1089536K
  class space    used 6150K, capacity 6579K, committed 6656K, reserved 1048576K
GC Heap History (10 events):
Event: 14.540 GC heap before
{Heap before GC invocations=6 (full 1):
 PSYoungGen      total 71680K, used 71656K [0x00000000d5580000, 0x00000000dca00000, 0x0000000100000000)
  eden space 66560K, 100% used [0x00000000d5580000,0x00000000d9680000,0x00000000d9680000)
  from space 5120K, 99% used [0x00000000d9b80000,0x00000000da07a110,0x00000000da080000)
  to   space 5120K, 0% used [0x00000000d9680000,0x00000000d9680000,0x00000000d9b80000)
 ParOldGen       total 65024K, used 13836K [0x0000000080000000, 0x0000000083f80000, 0x00000000d5580000)
  object space 65024K, 21% used [0x0000000080000000,0x0000000080d83190,0x0000000083f80000)
 Metaspace       used 31490K, capacity 32182K, committed 32384K, reserved 1077248K
  class space    used 4443K, capacity 4712K, committed 4736K, reserved 1048576K
Event: 14.577 GC heap after
Heap after GC invocations=6 (full 1):
 PSYoungGen      total 71680K, used 5104K [0x00000000d5580000, 0x00000000ddc80000, 0x0000000100000000)
  eden space 66560K, 0% used [0x00000000d5580000,0x00000000d5580000,0x00000000d9680000)
  from space 5120K, 99% used [0x00000000d9680000,0x00000000d9b7c040,0x00000000d9b80000)
  to   space 13312K, 0% used [0x00000000dcf80000,0x00000000dcf80000,0x00000000ddc80000)
 ParOldGen       total 65024K, used 18635K [0x0000000080000000, 0x0000000083f80000, 0x00000000d5580000)
  object space 65024K, 28% used [0x0000000080000000,0x0000000081232d58,0x0000000083f80000)
 Metaspace       used 31490K, capacity 32182K, committed 32384K, reserved 1077248K
  class space    used 4443K, capacity 4712K, committed 4736K, reserved 1048576K
}
Event: 16.749 GC heap before
{Heap before GC invocations=7 (full 1):
 PSYoungGen      total 71680K, used 71664K [0x00000000d5580000, 0x00000000ddc80000, 0x0000000100000000)
  eden space 66560K, 100% used [0x00000000d5580000,0x00000000d9680000,0x00000000d9680000)
  from space 5120K, 99% used [0x00000000d9680000,0x00000000d9b7c040,0x00000000d9b80000)
  to   space 13312K, 0% used [0x00000000dcf80000,0x00000000dcf80000,0x00000000ddc80000)
 ParOldGen       total 65024K, used 18635K [0x0000000080000000, 0x0000000083f80000, 0x00000000d5580000)
  object space 65024K, 28% used [0x0000000080000000,0x0000000081232d58,0x0000000083f80000)
 Metaspace       used 33961K, capacity 34758K, committed 35072K, reserved 1079296K
  class space    used 4710K, capacity 5012K, committed 5120K, reserved 1048576K
Event: 16.764 GC heap after
Heap after GC invocations=7 (full 1):
 PSYoungGen      total 121856K, used 8730K [0x00000000d5580000, 0x00000000dda80000, 0x0000000100000000)
  eden space 110592K, 0% used [0x00000000d5580000,0x00000000d5580000,0x00000000dc180000)
  from space 11264K, 77% used [0x00000000dcf80000,0x00000000dd806a38,0x00000000dda80000)
  to   space 12800K, 0% used [0x00000000dc180000,0x00000000dc180000,0x00000000dce00000)
 ParOldGen       total 65024K, used 18707K [0x0000000080000000, 0x0000000083f80000, 0x00000000d5580000)
  object space 65024K, 28% used [0x0000000080000000,0x0000000081244d68,0x0000000083f80000)
 Metaspace       used 33961K, capacity 34758K, committed 35072K, reserved 1079296K
  class space    used 4710K, capacity 5012K, committed 5120K, reserved 1048576K
}
Event: 16.942 GC heap before
{Heap before GC invocations=8 (full 1):
 PSYoungGen      total 121856K, used 16292K [0x00000000d5580000, 0x00000000dda80000, 0x0000000100000000)
  eden space 110592K, 6% used [0x00000000d5580000,0x00000000d5ce2818,0x00000000dc180000)
  from space 11264K, 77% used [0x00000000dcf80000,0x00000000dd806a38,0x00000000dda80000)
  to   space 12800K, 0% used [0x00000000dc180000,0x00000000dc180000,0x00000000dce00000)
 ParOldGen       total 65024K, used 18707K [0x0000000080000000, 0x0000000083f80000, 0x00000000d5580000)
  object space 65024K, 28% used [0x0000000080000000,0x0000000081244d68,0x0000000083f80000)
 Metaspace       used 34502K, capacity 35238K, committed 35416K, reserved 1079296K
  class space    used 4751K, capacity 5044K, committed 5120K, reserved 1048576K
Event: 16.959 GC heap after
Heap after GC invocations=8 (full 1):
 PSYoungGen      total 123392K, used 7743K [0x00000000d5580000, 0x00000000e3700000, 0x0000000100000000)
  eden space 110592K, 0% used [0x00000000d5580000,0x00000000d5580000,0x00000000dc180000)
  from space 12800K, 60% used [0x00000000dc180000,0x00000000dc90ffc8,0x00000000dce00000)
  to   space 12288K, 0% used [0x00000000e2b00000,0x00000000e2b00000,0x00000000e3700000)
 ParOldGen       total 65024K, used 18715K [0x0000000080000000, 0x0000000083f80000, 0x00000000d5580000)
  object space 65024K, 28% used [0x0000000080000000,0x0000000081246d68,0x0000000083f80000)
 Metaspace       used 34502K, capacity 35238K, committed 35416K, reserved 1079296K
  class space    used 4751K, capacity 5044K, committed 5120K, reserved 1048576K
}
Event: 16.959 GC heap before
{Heap before GC invocations=9 (full 2):
 PSYoungGen      total 123392K, used 7743K [0x00000000d5580000, 0x00000000e3700000, 0x0000000100000000)
  eden space 110592K, 0% used [0x00000000d5580000,0x00000000d5580000,0x00000000dc180000)
  from space 12800K, 60% used [0x00000000dc180000,0x00000000dc90ffc8,0x00000000dce00000)
  to   space 12288K, 0% used [0x00000000e2b00000,0x00000000e2b00000,0x00000000e3700000)
 ParOldGen       total 65024K, used 18715K [0x0000000080000000, 0x0000000083f80000, 0x00000000d5580000)
  object space 65024K, 28% used [0x0000000080000000,0x0000000081246d68,0x0000000083f80000)
 Metaspace       used 34502K, capacity 35238K, committed 35416K, reserved 1079296K
  class space    used 4751K, capacity 5044K, committed 5120K, reserved 1048576K
Event: 17.174 GC heap after
Heap after GC invocations=9 (full 2):
 PSYoungGen      total 123392K, used 0K [0x00000000d5580000, 0x00000000e3700000, 0x0000000100000000)
  eden space 110592K, 0% used [0x00000000d5580000,0x00000000d5580000,0x00000000dc180000)
  from space 12800K, 0% used [0x00000000dc180000,0x00000000dc180000,0x00000000dce00000)
  to   space 12288K, 0% used [0x00000000e2b00000,0x00000000e2b00000,0x00000000e3700000)
 ParOldGen       total 84480K, used 15426K [0x0000000080000000, 0x0000000085280000, 0x00000000d5580000)
  object space 84480K, 18% used [0x0000000080000000,0x0000000080f10948,0x0000000085280000)
 Metaspace       used 34502K, capacity 35238K, committed 35416K, reserved 1079296K
  class space    used 4751K, capacity 5044K, committed 5120K, reserved 1048576K
}
Event: 24.880 GC heap before
{Heap before GC invocations=10 (full 2):
 PSYoungGen      total 123392K, used 110592K [0x00000000d5580000, 0x00000000e3700000, 0x0000000100000000)
  eden space 110592K, 100% used [0x00000000d5580000,0x00000000dc180000,0x00000000dc180000)
  from space 12800K, 0% used [0x00000000dc180000,0x00000000dc180000,0x00000000dce00000)
  to   space 12288K, 0% used [0x00000000e2b00000,0x00000000e2b00000,0x00000000e3700000)
 ParOldGen       total 84480K, used 15426K [0x0000000080000000, 0x0000000085280000, 0x00000000d5580000)
  object space 84480K, 18% used [0x0000000080000000,0x0000000080f10948,0x0000000085280000)
 Metaspace       used 44851K, capacity 45860K, committed 46208K, reserved 1089536K
  class space    used 6013K, capacity 6425K, committed 6528K, reserved 1048576K
Event: 24.912 GC heap after
Heap after GC invocations=10 (full 2):
 PSYoungGen      total 185856K, used 12287K [0x00000000d5580000, 0x00000000e3700000, 0x0000000100000000)
  eden space 173568K, 0% used [0x00000000d5580000,0x00000000d5580000,0x00000000dff00000)
  from space 12288K, 99% used [0x00000000e2b00000,0x00000000e36ffc80,0x00000000e3700000)
  to   space 14336K, 0% used [0x00000000e1b00000,0x00000000e1b00000,0x00000000e2900000)
 ParOldGen       total 84480K, used 16524K [0x0000000080000000, 0x0000000085280000, 0x00000000d5580000)
  object space 84480K, 19% used [0x0000000080000000,0x0000000081023090,0x0000000085280000)
 Metaspace       used 44851K, capacity 45860K, committed 46208K, reserved 1089536K
  class space    used 6013K, capacity 6425K, committed 6528K, reserved 1048576K
}

